C:\Users\manda\OneDrive\GitHub\vinaykumar-mandalapu\product\product-api\product\dist\out-tsc\src\environments\environment.js
C:\Users\manda\OneDrive\GitHub\vinaykumar-mandalapu\product\product-api\product\dist\out-tsc\src\environments\environment.js.map
C:\Users\manda\OneDrive\GitHub\vinaykumar-mandalapu\product\product-api\product\dist\out-tsc\src\app\home\home.component.js
C:\Users\manda\OneDrive\GitHub\vinaykumar-mandalapu\product\product-api\product\dist\out-tsc\src\app\home\home.component.js.map
C:\Users\manda\OneDrive\GitHub\vinaykumar-mandalapu\product\product-api\product\dist\out-tsc\src\app\products\products.component.js
C:\Users\manda\OneDrive\GitHub\vinaykumar-mandalapu\product\product-api\product\dist\out-tsc\src\app\products\products.component.js.map
C:\Users\manda\OneDrive\GitHub\vinaykumar-mandalapu\product\product-api\product\dist\out-tsc\src\app\app-routing.module.js
C:\Users\manda\OneDrive\GitHub\vinaykumar-mandalapu\product\product-api\product\dist\out-tsc\src\app\app-routing.module.js.map
C:\Users\manda\OneDrive\GitHub\vinaykumar-mandalapu\product\product-api\product\dist\out-tsc\src\app\app.component.js
C:\Users\manda\OneDrive\GitHub\vinaykumar-mandalapu\product\product-api\product\dist\out-tsc\src\app\app.component.js.map
C:\Users\manda\OneDrive\GitHub\vinaykumar-mandalapu\product\product-api\product\dist\out-tsc\src\app\nav-menu\nav-menu.component.js
C:\Users\manda\OneDrive\GitHub\vinaykumar-mandalapu\product\product-api\product\dist\out-tsc\src\app\nav-menu\nav-menu.component.js.map
C:\Users\manda\OneDrive\GitHub\vinaykumar-mandalapu\product\product-api\product\dist\out-tsc\src\app\app.module.js
C:\Users\manda\OneDrive\GitHub\vinaykumar-mandalapu\product\product-api\product\dist\out-tsc\src\app\app.module.js.map
C:\Users\manda\OneDrive\GitHub\vinaykumar-mandalapu\product\product-api\product\dist\out-tsc\src\app\app.server.module.js
C:\Users\manda\OneDrive\GitHub\vinaykumar-mandalapu\product\product-api\product\dist\out-tsc\src\app\app.server.module.js.map
C:\Users\manda\OneDrive\GitHub\vinaykumar-mandalapu\product\product-api\product\dist\out-tsc\src\main.server.js
C:\Users\manda\OneDrive\GitHub\vinaykumar-mandalapu\product\product-api\product\dist\out-tsc\src\main.server.js.map
C:\Users\manda\OneDrive\GitHub\vinaykumar-mandalapu\product\product-api\product\dist\out-tsc\server.js
C:\Users\manda\OneDrive\GitHub\vinaykumar-mandalapu\product\product-api\product\dist\out-tsc\server.js.map
C:\Users\manda\OneDrive\GitHub\vinaykumar-mandalapu\product\product-api\product\dist\out-tsc\src\main.js
C:\Users\manda\OneDrive\GitHub\vinaykumar-mandalapu\product\product-api\product\dist\out-tsc\src\main.js.map
C:\Users\manda\OneDrive\GitHub\vinaykumar-mandalapu\product\product-api\product\dist\out-tsc\src\polyfills.js
C:\Users\manda\OneDrive\GitHub\vinaykumar-mandalapu\product\product-api\product\dist\out-tsc\src\polyfills.js.map
C:\Users\manda\OneDrive\GitHub\vinaykumar-mandalapu\product\product-api\product\dist\out-tsc\src\test.js
C:\Users\manda\OneDrive\GitHub\vinaykumar-mandalapu\product\product-api\product\dist\out-tsc\src\test.js.map
C:\Users\manda\OneDrive\GitHub\vinaykumar-mandalapu\product\product-api\product\dist\out-tsc\src\app\app.component.spec.js
C:\Users\manda\OneDrive\GitHub\vinaykumar-mandalapu\product\product-api\product\dist\out-tsc\src\app\app.component.spec.js.map
C:\Users\manda\OneDrive\GitHub\vinaykumar-mandalapu\product\product-api\product\dist\out-tsc\src\app\home\home.component.spec.js
C:\Users\manda\OneDrive\GitHub\vinaykumar-mandalapu\product\product-api\product\dist\out-tsc\src\app\home\home.component.spec.js.map
C:\Users\manda\OneDrive\GitHub\vinaykumar-mandalapu\product\product-api\product\dist\out-tsc\src\app\nav-menu\nav-menu.component.spec.js
C:\Users\manda\OneDrive\GitHub\vinaykumar-mandalapu\product\product-api\product\dist\out-tsc\src\app\nav-menu\nav-menu.component.spec.js.map
C:\Users\manda\OneDrive\GitHub\vinaykumar-mandalapu\product\product-api\product\dist\out-tsc\src\app\products\products.component.spec.js
C:\Users\manda\OneDrive\GitHub\vinaykumar-mandalapu\product\product-api\product\dist\out-tsc\src\app\products\products.component.spec.js.map
C:\Users\manda\OneDrive\GitHub\vinaykumar-mandalapu\product\product-api\product\dist\out-tsc\src\environments\environment.prod.js
C:\Users\manda\OneDrive\GitHub\vinaykumar-mandalapu\product\product-api\product\dist\out-tsc\src\environments\environment.prod.js.map
